<?xml version="1.0" encoding="UTF-8"?>
<testng-results skipped="0" failed="1" ignored="0" total="3" passed="2">
  <reporter-output>
  </reporter-output>
  <suite name="Default suite" duration-ms="75197" started-at="2022-02-19T00:40:27 IST" finished-at="2022-02-19T00:41:42 IST">
    <groups>
    </groups>
    <test name="Default test" duration-ms="75197" started-at="2022-02-19T00:40:27 IST" finished-at="2022-02-19T00:41:42 IST">
      <class name="com.qa.crm.testcases.HomePageTest">
        <test-method status="PASS" signature="setUp()[pri:0, instance:com.qa.crm.testcases.HomePageTest@10dba097]" name="setUp" is-config="true" duration-ms="28696" started-at="2022-02-19T00:40:27 IST" finished-at="2022-02-19T00:40:56 IST">
          <reporter-output>
          </reporter-output>
        </test-method> <!-- setUp -->
        <test-method status="PASS" signature="checkLogo()[pri:0, instance:com.qa.crm.testcases.HomePageTest@10dba097]" name="checkLogo" duration-ms="118" started-at="2022-02-19T00:40:56 IST" finished-at="2022-02-19T00:40:56 IST">
          <reporter-output>
          </reporter-output>
        </test-method> <!-- checkLogo -->
        <test-method status="PASS" signature="teardown()[pri:0, instance:com.qa.crm.testcases.HomePageTest@10dba097]" name="teardown" is-config="true" duration-ms="3077" started-at="2022-02-19T00:40:56 IST" finished-at="2022-02-19T00:40:59 IST">
          <reporter-output>
          </reporter-output>
        </test-method> <!-- teardown -->
        <test-method status="PASS" signature="setUp()[pri:0, instance:com.qa.crm.testcases.HomePageTest@10dba097]" name="setUp" is-config="true" duration-ms="17302" started-at="2022-02-19T00:40:59 IST" finished-at="2022-02-19T00:41:16 IST">
          <reporter-output>
          </reporter-output>
        </test-method> <!-- setUp -->
        <test-method status="FAIL" signature="login()[pri:0, instance:com.qa.crm.testcases.HomePageTest@10dba097]" name="login" duration-ms="3782" started-at="2022-02-19T00:41:16 IST" finished-at="2022-02-19T00:41:20 IST">
          <exception class="java.lang.AssertionError">
            <message>
              <![CDATA[expected [Cogmeno CRM] but found [Cogmento CRM]]]>
            </message>
            <full-stacktrace>
              <![CDATA[java.lang.AssertionError: expected [Cogmeno CRM] but found [Cogmento CRM]
at org.testng.Assert.fail(Assert.java:110)
at org.testng.Assert.failNotEquals(Assert.java:1413)
at org.testng.Assert.assertEqualsImpl(Assert.java:149)
at org.testng.Assert.assertEquals(Assert.java:131)
at org.testng.Assert.assertEquals(Assert.java:655)
at org.testng.Assert.assertEquals(Assert.java:665)
at com.qa.crm.testcases.HomePageTest.login(HomePageTest.java:59)
at sun.reflect.NativeMethodAccessorImpl.invoke0(Native Method)
at sun.reflect.NativeMethodAccessorImpl.invoke(Unknown Source)
at sun.reflect.DelegatingMethodAccessorImpl.invoke(Unknown Source)
at java.lang.reflect.Method.invoke(Unknown Source)
at org.testng.internal.invokers.MethodInvocationHelper.invokeMethod(MethodInvocationHelper.java:135)
at org.testng.internal.invokers.TestInvoker.invokeMethod(TestInvoker.java:673)
at org.testng.internal.invokers.TestInvoker.invokeTestMethod(TestInvoker.java:220)
at org.testng.internal.invokers.MethodRunner.runInSequence(MethodRunner.java:50)
at org.testng.internal.invokers.TestInvoker$MethodInvocationAgent.invoke(TestInvoker.java:945)
at org.testng.internal.invokers.TestInvoker.invokeTestMethods(TestInvoker.java:193)
at org.testng.internal.invokers.TestMethodWorker.invokeTestMethods(TestMethodWorker.java:146)
at org.testng.internal.invokers.TestMethodWorker.run(TestMethodWorker.java:128)
at java.util.ArrayList.forEach(Unknown Source)
at org.testng.TestRunner.privateRun(TestRunner.java:808)
at org.testng.TestRunner.run(TestRunner.java:603)
at org.testng.SuiteRunner.runTest(SuiteRunner.java:429)
at org.testng.SuiteRunner.runSequentially(SuiteRunner.java:423)
at org.testng.SuiteRunner.privateRun(SuiteRunner.java:383)
at org.testng.SuiteRunner.run(SuiteRunner.java:326)
at org.testng.SuiteRunnerWorker.runSuite(SuiteRunnerWorker.java:52)
at org.testng.SuiteRunnerWorker.run(SuiteRunnerWorker.java:95)
at org.testng.TestNG.runSuitesSequentially(TestNG.java:1249)
at org.testng.TestNG.runSuitesLocally(TestNG.java:1169)
at org.testng.TestNG.runSuites(TestNG.java:1092)
at org.testng.TestNG.run(TestNG.java:1060)
at org.testng.remote.AbstractRemoteTestNG.run(AbstractRemoteTestNG.java:115)
at org.testng.remote.RemoteTestNG.initAndRun(RemoteTestNG.java:251)
at org.testng.remote.RemoteTestNG.main(RemoteTestNG.java:77)
]]>
            </full-stacktrace>
          </exception> <!-- java.lang.AssertionError -->
          <reporter-output>
          </reporter-output>
        </test-method> <!-- login -->
        <test-method status="PASS" signature="teardown()[pri:0, instance:com.qa.crm.testcases.HomePageTest@10dba097]" name="teardown" is-config="true" duration-ms="907" started-at="2022-02-19T00:41:20 IST" finished-at="2022-02-19T00:41:21 IST">
          <reporter-output>
          </reporter-output>
        </test-method> <!-- teardown -->
        <test-method status="PASS" signature="setUp()[pri:0, instance:com.qa.crm.testcases.HomePageTest@10dba097]" name="setUp" is-config="true" duration-ms="19514" started-at="2022-02-19T00:41:21 IST" finished-at="2022-02-19T00:41:40 IST">
          <reporter-output>
          </reporter-output>
        </test-method> <!-- setUp -->
        <test-method status="PASS" signature="verifyTitle()[pri:0, instance:com.qa.crm.testcases.HomePageTest@10dba097]" name="verifyTitle" duration-ms="76" started-at="2022-02-19T00:41:40 IST" finished-at="2022-02-19T00:41:41 IST">
          <reporter-output>
          </reporter-output>
        </test-method> <!-- verifyTitle -->
        <test-method status="PASS" signature="teardown()[pri:0, instance:com.qa.crm.testcases.HomePageTest@10dba097]" name="teardown" is-config="true" duration-ms="1648" started-at="2022-02-19T00:41:41 IST" finished-at="2022-02-19T00:41:42 IST">
          <reporter-output>
          </reporter-output>
        </test-method> <!-- teardown -->
      </class> <!-- com.qa.crm.testcases.HomePageTest -->
    </test> <!-- Default test -->
  </suite> <!-- Default suite -->
</testng-results>
